0 info it worked if it ends with ok
1 verbose cli [ 'C:\\Program Files\\nodejs\\node.exe',
1 verbose cli   'C:\\Program Files\\nodejs\\node_modules\\npm\\bin\\npm-cli.js',
1 verbose cli   'run',
1 verbose cli   'run-all' ]
2 info using npm@3.10.9
3 info using node@v6.9.2
4 verbose run-script [ 'prerun-all', 'run-all', 'postrun-all' ]
5 info lifecycle scripts@1.0.0~prerun-all: scripts@1.0.0
6 silly lifecycle scripts@1.0.0~prerun-all: no script for prerun-all, continuing
7 info lifecycle scripts@1.0.0~run-all: scripts@1.0.0
8 verbose lifecycle scripts@1.0.0~run-all: unsafe-perm in lifecycle true
9 verbose lifecycle scripts@1.0.0~run-all: PATH: C:\Users\kasunv\AppData\Roaming\nvm\v6.9.2\node_modules\npm\bin\node-gyp-bin;D:\CMS\gbl_x_wcms\homepage\gbl_x_wcms\cms-core\scripts\node_modules\.bin;C:\Windows\system32;C:\Windows;C:\Windows\System32\Wbem;C:\Windows\System32\WindowsPowerShell\v1.0\;C:\Windows\System32\OpenSSH\;C:\Program Files\Git\cmd;C:\Program Files\TortoiseGit\bin;C:\Users\kasunv\AppData\Roaming\nvm;C:\Program Files\nodejs;C:\Gradle\gradle-5.2.1\bin;C:\Users\kasunv\AppData\Local\Android\sdk\tools;C:\Users\kasunv\AppData\Local\Android\sdk\platform-tools;C:\Users\kasunv\AppData\Local\Microsoft\WindowsApps;C:\Users\kasunv\AppData\Roaming\npm;C:\Program Files\MongoDB\Server\4.4\bin;C:\Users\kasunv\AppData\Roaming\nvm;C:\Program Files\nodejs
10 verbose lifecycle scripts@1.0.0~run-all: CWD: D:\CMS\gbl_x_wcms\homepage\gbl_x_wcms\cms-core\scripts
11 silly lifecycle scripts@1.0.0~run-all: Args: [ '/d /s /c', 'npm run install-all && npm run create-links' ]
12 silly lifecycle scripts@1.0.0~run-all: Returned: code: 1  signal: null
13 info lifecycle scripts@1.0.0~run-all: Failed to exec run-all script
14 verbose stack Error: scripts@1.0.0 run-all: `npm run install-all && npm run create-links`
14 verbose stack Exit status 1
14 verbose stack     at EventEmitter.<anonymous> (C:\Users\kasunv\AppData\Roaming\nvm\v6.9.2\node_modules\npm\lib\utils\lifecycle.js:255:16)
14 verbose stack     at emitTwo (events.js:106:13)
14 verbose stack     at EventEmitter.emit (events.js:191:7)
14 verbose stack     at ChildProcess.<anonymous> (C:\Users\kasunv\AppData\Roaming\nvm\v6.9.2\node_modules\npm\lib\utils\spawn.js:40:14)
14 verbose stack     at emitTwo (events.js:106:13)
14 verbose stack     at ChildProcess.emit (events.js:191:7)
14 verbose stack     at maybeClose (internal/child_process.js:877:16)
14 verbose stack     at Process.ChildProcess._handle.onexit (internal/child_process.js:226:5)
15 verbose pkgid scripts@1.0.0
16 verbose cwd D:\CMS\gbl_x_wcms\homepage\gbl_x_wcms\cms-core\scripts
17 error Windows_NT 10.0.18363
18 error argv "C:\\Program Files\\nodejs\\node.exe" "C:\\Program Files\\nodejs\\node_modules\\npm\\bin\\npm-cli.js" "run" "run-all"
19 error node v6.9.2
20 error npm  v3.10.9
21 error code ELIFECYCLE
22 error scripts@1.0.0 run-all: `npm run install-all && npm run create-links`
22 error Exit status 1
23 error Failed at the scripts@1.0.0 run-all script 'npm run install-all && npm run create-links'.
23 error Make sure you have the latest version of node.js and npm installed.
23 error If you do, this is most likely a problem with the scripts package,
23 error not with npm itself.
23 error Tell the author that this fails on your system:
23 error     npm run install-all && npm run create-links
23 error You can get information on how to open an issue for this project with:
23 error     npm bugs scripts
23 error Or if that isn't available, you can get their info via:
23 error     npm owner ls scripts
23 error There is likely additional logging output above.
24 verbose exit [ 1, true ]
