0 info it worked if it ends with ok
1 verbose cli [ 'C:\\Program Files\\nodejs\\node.exe',
1 verbose cli   'C:\\Program Files\\nodejs\\node_modules\\npm\\bin\\npm-cli.js',
1 verbose cli   'run',
1 verbose cli   'build' ]
2 info using npm@3.10.9
3 info using node@v6.9.2
4 verbose run-script [ 'prebuild', 'build', 'postbuild' ]
5 info lifecycle ui-components@1.0.0~prebuild: ui-components@1.0.0
6 silly lifecycle ui-components@1.0.0~prebuild: no script for prebuild, continuing
7 info lifecycle ui-components@1.0.0~build: ui-components@1.0.0
8 verbose lifecycle ui-components@1.0.0~build: unsafe-perm in lifecycle true
9 verbose lifecycle ui-components@1.0.0~build: PATH: C:\Users\kasunv\AppData\Roaming\nvm\v6.9.2\node_modules\npm\bin\node-gyp-bin;D:\CMS\gbl_x_wcms\homepage\gbl_x_wcms\cms-core\dfn-cms-shared\ui-components\node_modules\.bin;C:\Users\kasunv\AppData\Roaming\nvm\v6.9.2\node_modules\npm\bin\node-gyp-bin;D:\CMS\gbl_x_wcms\homepage\gbl_x_wcms\cms-core\dfn-cms\client\node_modules\.bin;C:\Users\kasunv\AppData\Roaming\nvm\v6.9.2\node_modules\npm\bin\node-gyp-bin;D:\CMS\gbl_x_wcms\homepage\gbl_x_wcms\cms-core\dfn-cms\client\node_modules\.bin;C:\Windows\system32;C:\Windows;C:\Windows\System32\Wbem;C:\Windows\System32\WindowsPowerShell\v1.0\;C:\Windows\System32\OpenSSH\;C:\Program Files\Git\cmd;C:\Program Files\TortoiseGit\bin;C:\Users\kasunv\AppData\Roaming\nvm;C:\Program Files\nodejs;C:\Gradle\gradle-5.2.1\bin;C:\Users\kasunv\AppData\Local\Android\sdk\tools;C:\Users\kasunv\AppData\Local\Android\sdk\platform-tools;C:\Users\kasunv\AppData\Local\Microsoft\WindowsApps;C:\Users\kasunv\AppData\Roaming\npm;C:\Program Files\MongoDB\Server\4.4\bin;C:\Users\kasunv\AppData\Roaming\nvm;C:\Program Files\nodejs
10 verbose lifecycle ui-components@1.0.0~build: CWD: D:\CMS\gbl_x_wcms\homepage\gbl_x_wcms\cms-core\dfn-cms-shared\ui-components
11 silly lifecycle ui-components@1.0.0~build: Args: [ '/d /s /c', 'npm run bk-specific-link  && webpack' ]
12 silly lifecycle ui-components@1.0.0~build: Returned: code: 1  signal: null
13 info lifecycle ui-components@1.0.0~build: Failed to exec build script
14 verbose stack Error: ui-components@1.0.0 build: `npm run bk-specific-link  && webpack`
14 verbose stack Exit status 1
14 verbose stack     at EventEmitter.<anonymous> (C:\Users\kasunv\AppData\Roaming\nvm\v6.9.2\node_modules\npm\lib\utils\lifecycle.js:255:16)
14 verbose stack     at emitTwo (events.js:106:13)
14 verbose stack     at EventEmitter.emit (events.js:191:7)
14 verbose stack     at ChildProcess.<anonymous> (C:\Users\kasunv\AppData\Roaming\nvm\v6.9.2\node_modules\npm\lib\utils\spawn.js:40:14)
14 verbose stack     at emitTwo (events.js:106:13)
14 verbose stack     at ChildProcess.emit (events.js:191:7)
14 verbose stack     at maybeClose (internal/child_process.js:877:16)
14 verbose stack     at Process.ChildProcess._handle.onexit (internal/child_process.js:226:5)
15 verbose pkgid ui-components@1.0.0
16 verbose cwd D:\CMS\gbl_x_wcms\homepage\gbl_x_wcms\cms-core\dfn-cms-shared\ui-components
17 error Windows_NT 10.0.18363
18 error argv "C:\\Program Files\\nodejs\\node.exe" "C:\\Program Files\\nodejs\\node_modules\\npm\\bin\\npm-cli.js" "run" "build"
19 error node v6.9.2
20 error npm  v3.10.9
21 error code ELIFECYCLE
22 error ui-components@1.0.0 build: `npm run bk-specific-link  && webpack`
22 error Exit status 1
23 error Failed at the ui-components@1.0.0 build script 'npm run bk-specific-link  && webpack'.
23 error Make sure you have the latest version of node.js and npm installed.
23 error If you do, this is most likely a problem with the ui-components package,
23 error not with npm itself.
23 error Tell the author that this fails on your system:
23 error     npm run bk-specific-link  && webpack
23 error You can get information on how to open an issue for this project with:
23 error     npm bugs ui-components
23 error Or if that isn't available, you can get their info via:
23 error     npm owner ls ui-components
23 error There is likely additional logging output above.
24 verbose exit [ 1, true ]
