2022-12-22 15:52:24 info [moleculer-runner.js]: Moleculer v0.14.19 is starting...
2022-12-22 15:52:24 info [moleculer-runner.js]: Namespace: <not defined>
2022-12-22 15:52:24 info [moleculer-runner.js]: Node ID: node-web-router
2022-12-22 15:52:24 info [moleculer-runner.js]: Metrics: Enabled
2022-12-22 15:52:24 info [moleculer-runner.js]: Strategy: RoundRobinStrategy
2022-12-22 15:52:24 info [moleculer-runner.js]: Discoverer: LocalDiscoverer
2022-12-22 15:52:24 info [moleculer-runner.js]: Serializer: JSONSerializer
2022-12-22 15:52:24 info [moleculer-runner.js]: Validator: FastestValidator
2022-12-22 15:52:24 info [moleculer-runner.js]: Tracing: Enabled
2022-12-22 15:52:24 info [moleculer-runner.js]: Tracing exporter: ConsoleTraceExporter
2022-12-22 15:52:24 info [moleculer-runner.js]: Registered 13 middleware(s).
2022-12-22 15:52:24 info [moleculer-runner.js]: Transporter: RedisTransporter
2022-12-22 15:52:25 info [moleculer-runner.js]: Connecting to the transporter...
2022-12-22 15:52:25 info [moleculer-runner.js]: Setting Redis transporter
2022-12-22 15:52:25 info [moleculer-runner.js]: Redis-sub client is connected.
2022-12-22 15:52:25 info [moleculer-runner.js]: Setting Redis transporter
2022-12-22 15:52:25 info [moleculer-runner.js]: Redis-pub client is connected.
2022-12-22 15:52:25 info [moleculer-runner.js]: Node 'node-site-manager' connected.
2022-12-22 15:52:25 info [moleculer-runner.js]: Node 'node-headless-cms' connected.
2022-12-22 15:52:26 info [moleculer-runner.js]: Waiting for service(s) 'headless-cms'...
2022-12-22 15:52:26 info [moleculer-runner.js]: Service(s) 'headless-cms' are available.
2022-12-22 15:52:26 info [moleculer-runner.js]: '$node' service is registered.
2022-12-22 15:52:26 info [moleculer-runner.js]: 'web-router' service is registered.
2022-12-22 15:52:26 info [moleculer-runner.js]: Service '$node' started.
2022-12-22 15:52:26 info [moleculer-runner.js]: Service 'web-router' started.
2022-12-22 15:52:26 info [moleculer-runner.js]: âœ” ServiceBroker with 2 service(s) started successfully in 1s.
2022-12-22 15:52:27 info [moleculer-runner.js]: Node 'desktop-hu6fekd-8156' connected.
2022-12-22 15:52:30 info [moleculer-runner.js]: Waiting for service(s) 'headless-cms'...
2022-12-22 15:52:30 info [moleculer-runner.js]: Service(s) 'headless-cms' are available.
2022-12-22 15:52:30 info [moleculer-runner.js]: [90mâ”Œâ”€â”€â”€â”€â”€â”€â”€â”€â”€â”€â”€â”€â”€â”€â”€â”€â”€â”€â”€â”€â”€â”€â”€â”€â”€â”€â”€â”€â”€â”€â”€â”€â”€â”€â”€â”€â”€â”€â”€â”€â”€â”€â”€â”€â”€â”€â”€â”€â”€â”€â”€â”€â”€â”€â”€â”€â”€â”€â”€â”€â”€â”€â”€â”€â”€â”€â”€â”€â”€â”€â”€â”€â”€â”€â”€â”€â”€â”€â”€â”€â”€â”€â”€â”€â”€â”€â”€â”€â”€â”€â”€â”€â”€â”€â”€â”€â”€â”€â”[39m
2022-12-22 15:52:30 info [moleculer-runner.js]: [90mâ”‚ [39m[90mID: [39m[1mef20a2b0-f999-4096-8cd3-f7a0a8326e62                                      [22m [90mDepth: [39m[1m1[22m [90mTotal: [39m[1m1[22m[90m â”‚[39m
2022-12-22 15:52:30 info [moleculer-runner.js]: [90mâ”œâ”€â”€â”€â”€â”€â”€â”€â”€â”€â”€â”€â”€â”€â”€â”€â”€â”€â”€â”€â”€â”€â”€â”€â”€â”€â”€â”€â”€â”€â”€â”€â”€â”€â”€â”€â”€â”€â”€â”€â”€â”€â”€â”€â”€â”€â”€â”€â”€â”€â”€â”€â”€â”€â”€â”€â”€â”€â”€â”€â”€â”€â”€â”€â”€â”€â”€â”€â”€â”€â”€â”€â”€â”€â”€â”€â”€â”€â”€â”€â”€â”€â”€â”€â”€â”€â”€â”€â”€â”€â”€â”€â”€â”€â”€â”€â”€â”€â”€â”¤[39m
2022-12-22 15:52:30 info [moleculer-runner.js]: [90mâ”‚ [39m[1m[36m[90m[39m[36maction 'web-router.getSitePermissionsForServer' Â» 2ms [90m[[39m[36m[90m[39m[36mâ– â– â– â– â– â– â– â– â– â– â– â– â– â– â– â– â– â– â– â– â– â– â– â– â– â– â– â– â– â– â– â– â– â– â– â– â– â– â– â– [90m[39m[36m[90m][39m[36m[22m[39m[90m â”‚[39m
2022-12-22 15:52:30 info [moleculer-runner.js]: [90mâ””â”€â”€â”€â”€â”€â”€â”€â”€â”€â”€â”€â”€â”€â”€â”€â”€â”€â”€â”€â”€â”€â”€â”€â”€â”€â”€â”€â”€â”€â”€â”€â”€â”€â”€â”€â”€â”€â”€â”€â”€â”€â”€â”€â”€â”€â”€â”€â”€â”€â”€â”€â”€â”€â”€â”€â”€â”€â”€â”€â”€â”€â”€â”€â”€â”€â”€â”€â”€â”€â”€â”€â”€â”€â”€â”€â”€â”€â”€â”€â”€â”€â”€â”€â”€â”€â”€â”€â”€â”€â”€â”€â”€â”€â”€â”€â”€â”€â”€â”˜[39m
2022-12-22 15:52:30 info [moleculer-runner.js]: Node 'app-web-router' connected.
2022-12-22 15:52:31 info [moleculer-runner.js]: Node 'node-app-server-dynamic-content' connected.
2022-12-22 15:52:36 info [moleculer-runner.js]: Node 'node-auth' connected.
2022-12-22 15:57:00 error [moleculer-runner.js]: Redis-sub error
2022-12-22 15:57:00 warn [moleculer-runner.js]: Redis-sub client is disconnected.
2022-12-22 15:57:00 error [moleculer-runner.js]: Redis-pub error
2022-12-22 15:57:00 warn [moleculer-runner.js]: Redis-pub client is disconnected.
2022-12-22 15:57:00 error [moleculer-runner.js]: Redis-sub error
2022-12-22 15:57:00 warn [moleculer-runner.js]: Redis-sub client is disconnected.
2022-12-22 15:57:00 error [moleculer-runner.js]: Redis-pub error
2022-12-22 15:57:00 warn [moleculer-runner.js]: Redis-pub client is disconnected.
2022-12-22 15:57:00 error [moleculer-runner.js]: Redis-sub error
2022-12-22 15:57:00 warn [moleculer-runner.js]: Redis-sub client is disconnected.
2022-12-22 15:57:00 error [moleculer-runner.js]: Redis-pub error
2022-12-22 15:57:00 warn [moleculer-runner.js]: Redis-pub client is disconnected.
2022-12-22 15:57:01 error [moleculer-runner.js]: Redis-sub error
2022-12-22 15:57:01 error [moleculer-runner.js]: Redis-pub error
2022-12-22 15:57:01 warn [moleculer-runner.js]: Redis-pub client is disconnected.
2022-12-22 15:57:01 warn [moleculer-runner.js]: Redis-sub client is disconnected.
2022-12-22 15:57:01 error [moleculer-runner.js]: Redis-pub error
2022-12-22 15:57:01 error [moleculer-runner.js]: Redis-sub error
2022-12-22 15:57:01 warn [moleculer-runner.js]: Redis-sub client is disconnected.
2022-12-22 15:57:01 warn [moleculer-runner.js]: Redis-pub client is disconnected.
2022-12-22 15:57:01 error [moleculer-runner.js]: Redis-sub error
2022-12-22 15:57:01 error [moleculer-runner.js]: Redis-pub error
2022-12-22 15:57:01 warn [moleculer-runner.js]: Redis-pub client is disconnected.
2022-12-22 15:57:01 warn [moleculer-runner.js]: Redis-sub client is disconnected.
2022-12-22 15:57:01 error [moleculer-runner.js]: Redis-pub error
2022-12-22 15:57:01 error [moleculer-runner.js]: Redis-sub error
2022-12-22 15:57:01 warn [moleculer-runner.js]: Redis-sub client is disconnected.
2022-12-22 15:57:01 warn [moleculer-runner.js]: Redis-pub client is disconnected.
2022-12-22 15:57:02 error [moleculer-runner.js]: Redis-sub error
2022-12-22 15:57:02 error [moleculer-runner.js]: Redis-pub error
2022-12-22 15:57:02 warn [moleculer-runner.js]: Redis-pub client is disconnected.
2022-12-22 15:57:02 warn [moleculer-runner.js]: Redis-sub client is disconnected.
2022-12-22 15:57:02 error [moleculer-runner.js]: Redis-pub error
2022-12-22 15:57:02 error [moleculer-runner.js]: Redis-sub error
2022-12-22 15:57:02 warn [moleculer-runner.js]: Redis-sub client is disconnected.
2022-12-22 15:57:02 warn [moleculer-runner.js]: Redis-pub client is disconnected.
2022-12-22 15:57:03 error [moleculer-runner.js]: Redis-sub error
2022-12-22 15:57:03 warn [moleculer-runner.js]: Redis-sub client is disconnected.
2022-12-22 15:57:03 error [moleculer-runner.js]: Redis-pub error
2022-12-22 15:57:03 warn [moleculer-runner.js]: Redis-pub client is disconnected.
2022-12-22 15:57:03 error [moleculer-runner.js]: Redis-sub error
2022-12-22 15:57:03 error [moleculer-runner.js]: Redis-pub error
2022-12-22 15:57:03 warn [moleculer-runner.js]: Redis-pub client is disconnected.
2022-12-22 15:57:03 warn [moleculer-runner.js]: Redis-sub client is disconnected.
2022-12-22 15:57:04 error [moleculer-runner.js]: Redis-pub error
2022-12-22 15:57:04 warn [moleculer-runner.js]: Redis-pub client is disconnected.
2022-12-22 15:57:04 error [moleculer-runner.js]: Redis-sub error
2022-12-22 15:57:04 warn [moleculer-runner.js]: Redis-sub client is disconnected.
